[2017-08-22 09:20:01.601] [INFO] registro - Creando PDF: A76 de aclaraciones
[2017-08-22 09:20:01.655] [INFO] registro - Terminando de crear PDF: A76 de aclaraciones
[2017-08-22 09:20:01.746] [INFO] registro - Imprimiendo numero: A76 de aclaraciones
[2017-08-23 09:56:01.327] [INFO] registro - Creando PDF: A77 de tramites
[2017-08-23 09:56:01.378] [INFO] registro - Terminando de crear PDF: A77 de tramites
[2017-08-23 09:56:01.462] [INFO] registro - Imprimiendo numero: A77 de aclaraciones
[2017-08-23 09:56:20.020] [INFO] registro - Creando PDF: A78 de aclaraciones
[2017-08-23 09:56:20.059] [INFO] registro - Terminando de crear PDF: A78 de aclaraciones
[2017-08-23 09:56:20.146] [INFO] registro - Imprimiendo numero: A78 de aclaraciones
[2017-08-23 09:56:40.030] [INFO] registro - Creando PDF: A79 de tramites
[2017-08-23 09:56:40.066] [INFO] registro - Terminando de crear PDF: A79 de tramites
[2017-08-23 09:57:32.835] [INFO] registro - Creando PDF: A79 de aclaraciones
[2017-08-23 09:57:32.854] [INFO] registro - Terminando de crear PDF: A79 de aclaraciones
[2017-08-23 09:57:32.950] [INFO] registro - Imprimiendo numero: A79 de aclaraciones
[2017-08-23 10:00:22.579] [INFO] registro - Creando PDF: A80 de aclaraciones
[2017-08-23 10:00:22.609] [INFO] registro - Terminando de crear PDF: A80 de aclaraciones
[2017-08-23 10:00:22.697] [INFO] registro - Imprimiendo numero: A80 de aclaraciones
[2017-08-23 10:00:44.937] [INFO] registro - Creando PDF: A81 de aclaraciones
[2017-08-23 10:00:44.956] [INFO] registro - Terminando de crear PDF: A81 de aclaraciones
[2017-08-23 10:00:45.051] [INFO] registro - Imprimiendo numero: A81 de aclaraciones
[2017-08-23 10:00:58.316] [INFO] registro - Creando PDF: A82 de tramites
[2017-08-23 10:00:58.337] [INFO] registro - Terminando de crear PDF: A82 de tramites
[2017-08-23 10:01:01.070] [INFO] registro - Creando PDF: A82 de tramites
[2017-08-23 10:01:01.092] [INFO] registro - Terminando de crear PDF: A82 de tramites
[2017-08-23 10:01:02.838] [INFO] registro - Creando PDF: A82 de tramites
[2017-08-23 10:01:02.853] [INFO] registro - Terminando de crear PDF: A82 de tramites
[2017-08-23 10:01:03.822] [INFO] registro - Creando PDF: A82 de tramites
[2017-08-23 10:01:03.837] [INFO] registro - Terminando de crear PDF: A82 de tramites
[2017-08-23 10:01:04.757] [INFO] registro - Creando PDF: A82 de tramites
[2017-08-23 10:01:04.781] [INFO] registro - Terminando de crear PDF: A82 de tramites
[2017-08-23 10:01:05.805] [INFO] registro - Creando PDF: A82 de tramites
[2017-08-23 10:01:05.827] [INFO] registro - Terminando de crear PDF: A82 de tramites
[2017-08-23 10:01:06.645] [INFO] registro - Creando PDF: A82 de tramites
[2017-08-23 10:01:06.663] [INFO] registro - Terminando de crear PDF: A82 de tramites
[2017-08-23 10:01:07.486] [INFO] registro - Creando PDF: A82 de tramites
[2017-08-23 10:01:07.500] [INFO] registro - Terminando de crear PDF: A82 de tramites
[2017-08-23 10:01:08.374] [INFO] registro - Creando PDF: A82 de tramites
[2017-08-23 10:01:08.390] [INFO] registro - Terminando de crear PDF: A82 de tramites
[2017-08-23 10:01:09.245] [INFO] registro - Creando PDF: A82 de tramites
[2017-08-23 10:01:09.268] [INFO] registro - Terminando de crear PDF: A82 de tramites
[2017-08-23 10:01:17.047] [INFO] registro - Creando PDF: A82 de tramites
[2017-08-23 10:01:17.068] [INFO] registro - Terminando de crear PDF: A82 de tramites
[2017-08-23 10:01:22.967] [INFO] registro - Creando PDF: A82 de tramites
[2017-08-23 10:01:22.984] [INFO] registro - Terminando de crear PDF: A82 de tramites
[2017-08-23 10:01:23.087] [INFO] registro - Imprimiendo numero: A82 de aclaraciones
[2017-08-23 10:01:32.606] [INFO] registro - Creando PDF: A83 de aclaraciones
[2017-08-23 10:01:32.636] [INFO] registro - Terminando de crear PDF: A83 de aclaraciones
[2017-08-23 10:01:32.722] [INFO] registro - Imprimiendo numero: A83 de aclaraciones
[2017-08-23 10:05:11.470] [INFO] registro - Creando PDF: P75 de pagos
[2017-08-23 10:05:11.521] [INFO] registro - Terminando de crear PDF: P75 de pagos
[2017-08-23 10:05:11.596] [INFO] registro - Imprimiendo numero: P75 de aclaraciones
[2017-08-23 10:09:50.314] [INFO] registro - Creando PDF: P76 de pagos
[2017-08-23 10:09:50.367] [INFO] registro - Terminando de crear PDF: P76 de pagos
[2017-08-23 10:09:50.437] [INFO] registro - Imprimiendo numero: P76 de aclaraciones
[2017-08-23 10:10:01.872] [INFO] registro - Creando PDF: A84 de aclaraciones
[2017-08-23 10:10:01.900] [INFO] registro - Terminando de crear PDF: A84 de aclaraciones
[2017-08-23 10:10:01.987] [INFO] registro - Imprimiendo numero: A84 de aclaraciones
[2017-08-23 10:10:54.440] [INFO] registro - Creando PDF: A85 de tramites
[2017-08-23 10:10:54.489] [INFO] registro - Terminando de crear PDF: A85 de tramites
[2017-08-23 10:10:54.558] [INFO] registro - Imprimiendo numero: A85 de aclaraciones
[2017-08-23 10:11:03.685] [INFO] registro - Creando PDF: A86 de aclaraciones
[2017-08-23 10:11:03.712] [INFO] registro - Terminando de crear PDF: A86 de aclaraciones
[2017-08-23 10:11:03.804] [INFO] registro - Imprimiendo numero: A86 de aclaraciones
[2017-08-23 10:13:43.596] [INFO] registro - Creando PDF: A87 de aclaraciones
[2017-08-23 10:13:43.640] [INFO] registro - Terminando de crear PDF: A87 de aclaraciones
[2017-08-23 10:13:43.719] [INFO] registro - Imprimiendo numero: A87 de aclaraciones
[2017-09-13 12:38:15.621] [INFO] registro - Creando PDF: P77 de pagos
[2017-09-13 12:38:15.682] [INFO] registro - Terminando de crear PDF: P77 de pagos
[2017-09-13 12:38:15.758] [INFO] registro - Imprimiendo numero: P77 de aclaraciones
[2017-09-13 12:38:30.093] [INFO] registro - Creando PDF: A91 de aclaraciones
[2017-09-13 12:38:30.126] [INFO] registro - Terminando de crear PDF: A91 de aclaraciones
[2017-09-13 12:38:30.217] [INFO] registro - Imprimiendo numero: A91 de aclaraciones
[2017-09-13 12:38:39.051] [INFO] registro - Creando PDF: P78 de pagos
[2017-09-13 12:38:39.098] [INFO] registro - Terminando de crear PDF: P78 de pagos
[2017-09-13 12:38:39.173] [INFO] registro - Imprimiendo numero: P78 de aclaraciones
[2017-09-13 12:38:47.028] [INFO] registro - Creando PDF: A92 de aclaraciones
[2017-09-13 12:38:47.051] [INFO] registro - Terminando de crear PDF: A92 de aclaraciones
[2017-09-13 12:38:47.150] [INFO] registro - Imprimiendo numero: A92 de aclaraciones
[2017-09-13 12:39:16.818] [INFO] registro - Creando PDF: A93 de aclaraciones
[2017-09-13 12:39:16.838] [INFO] registro - Terminando de crear PDF: A93 de aclaraciones
[2017-09-13 12:39:16.937] [INFO] registro - Imprimiendo numero: A93 de aclaraciones
[2017-09-13 16:33:09.885] [INFO] registro - Creando PDF: A102 de aclaraciones
[2017-09-13 16:33:09.936] [INFO] registro - Terminando de crear PDF: A102 de aclaraciones
[2017-09-13 16:33:10.009] [INFO] registro - Imprimiendo numero: A102 de aclaraciones
[2017-09-13 16:36:13.703] [INFO] registro - Creando PDF: P82 de pagos
[2017-09-13 16:36:13.745] [INFO] registro - Terminando de crear PDF: P82 de pagos
[2017-09-13 16:36:13.822] [INFO] registro - Imprimiendo numero: P82 de aclaraciones
[2017-09-13 16:36:49.872] [INFO] registro - Creando PDF: A103 de tramites o aclaraciones
[2017-09-13 16:36:49.920] [INFO] registro - Terminando de crear PDF: A103 de Trámites aclaraciones
[2017-09-13 16:36:49.998] [INFO] registro - Imprimiendo numero: A103 de aclaraciones
[2017-09-13 16:36:49.999] [INFO] registro - exec error: Error: Command failed: acrowrap.exe /acceptlicense /t "C:\imprimir\node.pdf" "BIXOLON"
/bin/sh: acrowrap.exe: command not found

[2017-09-13 16:36:58.581] [INFO] registro - Creando PDF: P83 de pago o carta de no adeudo
[2017-09-13 16:36:58.619] [INFO] registro - Terminando de crear PDF: P83 de pagos o carta de no adeudo
[2017-09-13 16:36:58.705] [INFO] registro - Imprimiendo numero: P83 de aclaraciones
[2017-09-13 16:36:58.705] [INFO] registro - exec error: Error: Command failed: acrowrap.exe /acceptlicense /t "C:\imprimir\node.pdf" "BIXOLON"
/bin/sh: acrowrap.exe: command not found

[2017-09-13 16:37:22.375] [INFO] registro - Creando PDF: P84 de pago o carta de no adeudo
[2017-09-13 16:37:22.424] [INFO] registro - Terminando de crear PDF: P84 de pagos o carta de no adeudo
[2017-09-13 16:37:22.501] [INFO] registro - Imprimiendo numero: P84
[2017-09-13 16:37:22.501] [INFO] registro - exec error: Error: Command failed: acrowrap.exe /acceptlicense /t "C:\imprimir\node.pdf" "BIXOLON"
/bin/sh: acrowrap.exe: command not found

[2017-09-13 16:37:38.372] [INFO] registro - Creando PDF: A104 de tramites o aclaraciones
[2017-09-13 16:37:38.414] [INFO] registro - Terminando de crear PDF: A104 de Trámites aclaraciones
[2017-09-13 16:37:38.496] [INFO] registro - Imprimiendo numero: A104
[2017-09-13 16:37:38.497] [INFO] registro - exec error: Error: Command failed: acrowrap.exe /acceptlicense /t "C:\imprimir\node.pdf" "BIXOLON"
/bin/sh: acrowrap.exe: command not found

[2017-09-14 09:31:49.471] [INFO] registro - Creando PDF: A105 de tramites o aclaraciones
[2017-09-14 09:31:49.521] [INFO] registro - Terminando de crear PDF: A105 de Trámites aclaraciones
[2017-09-14 09:31:49.602] [INFO] registro - Imprimiendo numero: A105
[2017-09-14 09:31:49.602] [INFO] registro - exec error: Error: Command failed: acrowrap.exe /acceptlicense /t "C:\imprimir\node.pdf" "BIXOLON"
/bin/sh: acrowrap.exe: command not found

[2017-09-14 09:39:41.771] [INFO] registro - Creando PDF: A106 de tramites o aclaraciones
[2017-09-14 09:39:41.813] [INFO] registro - Terminando de crear PDF: A106 de Trámites aclaraciones
[2017-09-14 09:39:41.902] [INFO] registro - Imprimiendo numero: A106
[2017-09-14 09:39:41.903] [INFO] registro - exec error: Error: Command failed: acrowrap.exe /acceptlicense /t "C:\imprimir\node.pdf" "BIXOLON"
/bin/sh: acrowrap.exe: command not found

[2017-09-14 09:45:37.773] [INFO] registro - Creando PDF: A107 de tramites o aclaraciones
[2017-09-14 09:45:37.806] [INFO] registro - Terminando de crear PDF: A107 de Trámites aclaraciones
[2017-09-14 09:45:37.893] [INFO] registro - Imprimiendo numero: A107
[2017-09-14 09:45:37.893] [INFO] registro - exec error: Error: Command failed: acrowrap.exe /acceptlicense /t "C:\imprimir\node.pdf" "BIXOLON"
/bin/sh: acrowrap.exe: command not found

[2017-09-14 11:35:35.941] [INFO] registro - Creando PDF: A108 de tramites o aclaraciones
[2017-09-14 11:35:35.961] [INFO] registro - Terminando de crear PDF: A108 de Trámites aclaraciones
[2017-09-14 11:35:36.077] [INFO] registro - Imprimiendo numero: A108
[2017-09-14 11:35:36.077] [INFO] registro - exec error: Error: Command failed: acrowrap.exe /acceptlicense /t "C:\imprimir\node.pdf" "BIXOLON"
/bin/sh: acrowrap.exe: command not found

[2017-09-14 12:37:14.050] [INFO] registro - Creando PDF: A109 de tramites o aclaraciones
[2017-09-14 12:37:14.081] [INFO] registro - Terminando de crear PDF: A109 de Trámites aclaraciones
[2017-09-14 12:37:14.169] [INFO] registro - Imprimiendo numero: A109
[2017-09-14 12:37:14.169] [INFO] registro - exec error: Error: Command failed: acrowrap.exe /acceptlicense /t "C:\imprimir\node.pdf" "BIXOLON"
/bin/sh: acrowrap.exe: command not found

[2017-09-14 12:37:51.137] [INFO] registro - Creando PDF: A110 de tramites o aclaraciones
[2017-09-14 12:37:51.166] [INFO] registro - Terminando de crear PDF: A110 de Trámites aclaraciones
[2017-09-14 12:37:51.244] [INFO] registro - Imprimiendo numero: A110
[2017-09-14 12:37:51.244] [INFO] registro - exec error: Error: Command failed: acrowrap.exe /acceptlicense /t "C:\imprimir\node.pdf" "BIXOLON"
/bin/sh: acrowrap.exe: command not found

[2017-09-14 12:41:19.345] [INFO] registro - Creando PDF: A111 de tramites o aclaraciones
[2017-09-14 12:41:19.367] [INFO] registro - Terminando de crear PDF: A111 de Trámites aclaraciones
[2017-09-14 12:41:19.462] [INFO] registro - Imprimiendo numero: A111
[2017-09-14 12:41:19.463] [INFO] registro - exec error: Error: Command failed: acrowrap.exe /acceptlicense /t "C:\imprimir\node.pdf" "BIXOLON"
/bin/sh: acrowrap.exe: command not found

[2017-09-14 12:41:41.041] [INFO] registro - Creando PDF: A112 de tramites o aclaraciones
[2017-09-14 12:41:41.062] [INFO] registro - Terminando de crear PDF: A112 de Trámites aclaraciones
[2017-09-14 12:41:41.162] [INFO] registro - Imprimiendo numero: A112
[2017-09-14 12:41:41.163] [INFO] registro - exec error: Error: Command failed: acrowrap.exe /acceptlicense /t "C:\imprimir\node.pdf" "BIXOLON"
/bin/sh: acrowrap.exe: command not found

[2017-09-14 12:50:42.341] [INFO] registro - Creando PDF: A113 de tramites o aclaraciones
[2017-09-14 12:50:42.372] [INFO] registro - Terminando de crear PDF: A113 de Trámites aclaraciones
[2017-09-14 12:50:42.460] [INFO] registro - Imprimiendo numero: A113
[2017-09-14 12:50:42.460] [INFO] registro - exec error: Error: Command failed: acrowrap.exe /acceptlicense /t "C:\imprimir\node.pdf" "BIXOLON"
/bin/sh: acrowrap.exe: command not found

[2017-09-14 12:51:30.029] [INFO] registro - Creando PDF: A114 de tramites o aclaraciones
[2017-09-14 12:51:30.057] [INFO] registro - Terminando de crear PDF: A114 de Trámites aclaraciones
[2017-09-14 12:51:30.145] [INFO] registro - Imprimiendo numero: A114
[2017-09-14 12:51:30.146] [INFO] registro - exec error: Error: Command failed: acrowrap.exe /acceptlicense /t "C:\imprimir\node.pdf" "BIXOLON"
/bin/sh: acrowrap.exe: command not found

[2017-09-14 12:52:10.673] [INFO] registro - Creando PDF: A115 de tramites o aclaraciones
[2017-09-14 12:52:10.711] [INFO] registro - Terminando de crear PDF: A115 de Trámites aclaraciones
[2017-09-14 12:52:10.792] [INFO] registro - Imprimiendo numero: A115
[2017-09-14 12:52:10.792] [INFO] registro - exec error: Error: Command failed: acrowrap.exe /acceptlicense /t "C:\imprimir\node.pdf" "BIXOLON"
/bin/sh: acrowrap.exe: command not found

[2017-09-14 12:57:39.660] [INFO] registro - Creando PDF: A116 de tramites o aclaraciones
[2017-09-14 12:57:39.683] [INFO] registro - Terminando de crear PDF: A116 de Trámites aclaraciones
[2017-09-14 12:57:39.777] [INFO] registro - Imprimiendo numero: A116
[2017-09-14 12:57:39.777] [INFO] registro - exec error: Error: Command failed: acrowrap.exe /acceptlicense /t "C:\imprimir\node.pdf" "BIXOLON"
/bin/sh: acrowrap.exe: command not found

[2017-09-14 12:59:12.846] [INFO] registro - Creando PDF: A117 de tramites o aclaraciones
[2017-09-14 12:59:12.868] [INFO] registro - Terminando de crear PDF: A117 de Trámites aclaraciones
[2017-09-14 12:59:12.973] [INFO] registro - Imprimiendo numero: A117
[2017-09-14 12:59:12.973] [INFO] registro - exec error: Error: Command failed: acrowrap.exe /acceptlicense /t "C:\imprimir\node.pdf" "BIXOLON"
/bin/sh: acrowrap.exe: command not found

[2017-09-14 12:59:20.368] [INFO] registro - Creando PDF: A118 de tramites o aclaraciones
[2017-09-14 12:59:20.388] [INFO] registro - Terminando de crear PDF: A118 de Trámites aclaraciones
[2017-09-14 12:59:20.483] [INFO] registro - Imprimiendo numero: A118
[2017-09-14 12:59:20.483] [INFO] registro - exec error: Error: Command failed: acrowrap.exe /acceptlicense /t "C:\imprimir\node.pdf" "BIXOLON"
/bin/sh: acrowrap.exe: command not found

[2017-09-14 13:03:01.895] [INFO] registro - Creando PDF: A119 de tramites o aclaraciones
[2017-09-14 13:03:01.918] [INFO] registro - Terminando de crear PDF: A119 de Trámites aclaraciones
[2017-09-14 13:03:02.018] [INFO] registro - Imprimiendo numero: A119
[2017-09-14 13:03:02.018] [INFO] registro - exec error: Error: Command failed: acrowrap.exe /acceptlicense /t "C:\imprimir\node.pdf" "BIXOLON"
/bin/sh: acrowrap.exe: command not found

[2017-09-14 13:06:07.993] [INFO] registro - Creando PDF: A120 de tramites o aclaraciones
[2017-09-14 13:06:08.021] [INFO] registro - Terminando de crear PDF: A120 de Trámites aclaraciones
[2017-09-14 13:06:08.108] [INFO] registro - Imprimiendo numero: A120
[2017-09-14 13:06:08.108] [INFO] registro - exec error: Error: Command failed: acrowrap.exe /acceptlicense /t "C:\imprimir\node.pdf" "BIXOLON"
/bin/sh: acrowrap.exe: command not found

[2017-09-14 13:07:03.598] [INFO] registro - Creando PDF: A121 de tramites o aclaraciones
[2017-09-14 13:07:03.625] [INFO] registro - Terminando de crear PDF: A121 de Trámites aclaraciones
[2017-09-14 13:07:03.716] [INFO] registro - Imprimiendo numero: A121
[2017-09-14 13:07:03.716] [INFO] registro - exec error: Error: Command failed: acrowrap.exe /acceptlicense /t "C:\imprimir\node.pdf" "BIXOLON"
/bin/sh: acrowrap.exe: command not found

[2017-09-14 14:58:44.918] [INFO] registro - Creando PDF: A122 de tramites o aclaraciones
[2017-09-14 14:58:44.945] [INFO] registro - Terminando de crear PDF: A122 de Trámites aclaraciones
[2017-09-14 14:58:45.073] [INFO] registro - Imprimiendo numero: A122
[2017-09-14 14:58:45.073] [INFO] registro - exec error: Error: Command failed: acrowrap.exe /acceptlicense /t "C:\imprimir\node.pdf" "BIXOLON"
/bin/sh: acrowrap.exe: command not found

[2017-09-14 15:35:22.828] [INFO] registro - Creando PDF: A123 de tramites o aclaraciones
[2017-09-14 15:35:22.849] [INFO] registro - Terminando de crear PDF: A123 de Trámites aclaraciones
[2017-09-14 15:35:22.971] [INFO] registro - Imprimiendo numero: A123
[2017-09-14 15:35:22.971] [INFO] registro - exec error: Error: Command failed: acrowrap.exe /acceptlicense /t "C:\imprimir\node.pdf" "BIXOLON"
/bin/sh: acrowrap.exe: command not found

[2017-09-14 15:36:18.827] [INFO] registro - Creando PDF: A124 de tramites o aclaraciones
[2017-09-14 15:36:18.860] [INFO] registro - Terminando de crear PDF: A124 de Trámites aclaraciones
[2017-09-14 15:36:18.985] [INFO] registro - Imprimiendo numero: A124
[2017-09-14 15:36:18.985] [INFO] registro - exec error: Error: Command failed: acrowrap.exe /acceptlicense /t "C:\imprimir\node.pdf" "BIXOLON"
/bin/sh: acrowrap.exe: command not found

[2017-09-14 15:36:29.018] [INFO] registro - Creando PDF: A125 de tramites o aclaraciones
[2017-09-14 15:36:29.046] [INFO] registro - Terminando de crear PDF: A125 de Trámites aclaraciones
[2017-09-14 15:36:29.172] [INFO] registro - Imprimiendo numero: A125
[2017-09-14 15:36:29.172] [INFO] registro - exec error: Error: Command failed: acrowrap.exe /acceptlicense /t "C:\imprimir\node.pdf" "BIXOLON"
/bin/sh: acrowrap.exe: command not found

[2017-09-14 15:36:35.762] [INFO] registro - Creando PDF: A126 de tramites o aclaraciones
[2017-09-14 15:36:35.782] [INFO] registro - Terminando de crear PDF: A126 de Trámites aclaraciones
[2017-09-14 15:36:35.904] [INFO] registro - Imprimiendo numero: A126
[2017-09-14 15:36:35.904] [INFO] registro - exec error: Error: Command failed: acrowrap.exe /acceptlicense /t "C:\imprimir\node.pdf" "BIXOLON"
/bin/sh: acrowrap.exe: command not found

[2017-09-14 15:39:56.171] [INFO] registro - Creando PDF: A127 de tramites o aclaraciones
[2017-09-14 15:39:56.193] [INFO] registro - Terminando de crear PDF: A127 de Trámites aclaraciones
[2017-09-14 15:39:56.334] [INFO] registro - Imprimiendo numero: A127
[2017-09-14 15:39:56.334] [INFO] registro - exec error: Error: Command failed: acrowrap.exe /acceptlicense /t "C:\imprimir\node.pdf" "BIXOLON"
/bin/sh: acrowrap.exe: command not found

[2017-09-14 15:41:28.802] [INFO] registro - Creando PDF: A128 de tramites o aclaraciones
[2017-09-14 15:41:28.824] [INFO] registro - Terminando de crear PDF: A128 de Trámites aclaraciones
[2017-09-14 15:41:28.950] [INFO] registro - Imprimiendo numero: A128
[2017-09-14 15:41:28.951] [INFO] registro - exec error: Error: Command failed: acrowrap.exe /acceptlicense /t "C:\imprimir\node.pdf" "BIXOLON"
/bin/sh: acrowrap.exe: command not found

[2017-09-14 15:42:25.997] [INFO] registro - Creando PDF: A129 de tramites o aclaraciones
[2017-09-14 15:42:26.028] [INFO] registro - Terminando de crear PDF: A129 de Trámites aclaraciones
[2017-09-14 15:42:26.166] [INFO] registro - Imprimiendo numero: A129
[2017-09-14 15:42:26.166] [INFO] registro - exec error: Error: Command failed: acrowrap.exe /acceptlicense /t "C:\imprimir\node.pdf" "BIXOLON"
/bin/sh: acrowrap.exe: command not found

[2017-09-14 15:44:21.574] [INFO] registro - Creando PDF: A130 de tramites o aclaraciones
[2017-09-14 15:44:21.595] [INFO] registro - Terminando de crear PDF: A130 de Trámites aclaraciones
[2017-09-14 15:44:21.727] [INFO] registro - Imprimiendo numero: A130
[2017-09-14 15:44:21.727] [INFO] registro - exec error: Error: Command failed: acrowrap.exe /acceptlicense /t "C:\imprimir\node.pdf" "BIXOLON"
/bin/sh: acrowrap.exe: command not found

[2017-09-14 15:45:34.252] [INFO] registro - Creando PDF: A131 de tramites o aclaraciones
[2017-09-14 15:45:34.281] [INFO] registro - Terminando de crear PDF: A131 de Trámites aclaraciones
[2017-09-14 15:45:34.418] [INFO] registro - Imprimiendo numero: A131
[2017-09-14 15:45:34.418] [INFO] registro - exec error: Error: Command failed: acrowrap.exe /acceptlicense /t "C:\imprimir\node.pdf" "BIXOLON"
/bin/sh: acrowrap.exe: command not found

[2017-09-14 15:46:19.572] [INFO] registro - Creando PDF: A132 de tramites o aclaraciones
[2017-09-14 15:46:19.596] [INFO] registro - Terminando de crear PDF: A132 de Trámites aclaraciones
[2017-09-14 15:46:19.730] [INFO] registro - Imprimiendo numero: A132
[2017-09-14 15:46:19.730] [INFO] registro - exec error: Error: Command failed: acrowrap.exe /acceptlicense /t "C:\imprimir\node.pdf" "BIXOLON"
/bin/sh: acrowrap.exe: command not found

[2017-09-14 15:46:26.358] [INFO] registro - Creando PDF: A133 de tramites o aclaraciones
[2017-09-14 15:46:26.379] [INFO] registro - Terminando de crear PDF: A133 de Trámites aclaraciones
[2017-09-14 15:46:26.510] [INFO] registro - Imprimiendo numero: A133
[2017-09-14 15:46:26.510] [INFO] registro - exec error: Error: Command failed: acrowrap.exe /acceptlicense /t "C:\imprimir\node.pdf" "BIXOLON"
/bin/sh: acrowrap.exe: command not found

[2017-09-14 15:48:17.672] [INFO] registro - Creando PDF: A134 de tramites o aclaraciones
[2017-09-14 15:48:17.697] [INFO] registro - Terminando de crear PDF: A134 de Trámites aclaraciones
[2017-09-14 15:48:17.841] [INFO] registro - Imprimiendo numero: A134
[2017-09-14 15:48:17.841] [INFO] registro - exec error: Error: Command failed: acrowrap.exe /acceptlicense /t "C:\imprimir\node.pdf" "BIXOLON"
/bin/sh: acrowrap.exe: command not found

[2017-09-14 15:50:11.376] [INFO] registro - Creando PDF: A135 de tramites o aclaraciones
[2017-09-14 15:50:11.401] [INFO] registro - Terminando de crear PDF: A135 de Trámites aclaraciones
[2017-09-14 15:50:11.541] [INFO] registro - Imprimiendo numero: A135
[2017-09-14 15:50:11.541] [INFO] registro - exec error: Error: Command failed: acrowrap.exe /acceptlicense /t "C:\imprimir\node.pdf" "BIXOLON"
/bin/sh: acrowrap.exe: command not found

[2017-09-14 15:50:18.973] [INFO] registro - Creando PDF: A136 de tramites o aclaraciones
[2017-09-14 15:50:18.998] [INFO] registro - Terminando de crear PDF: A136 de Trámites aclaraciones
[2017-09-14 15:50:19.131] [INFO] registro - Imprimiendo numero: A136
[2017-09-14 15:50:19.131] [INFO] registro - exec error: Error: Command failed: acrowrap.exe /acceptlicense /t "C:\imprimir\node.pdf" "BIXOLON"
/bin/sh: acrowrap.exe: command not found

[2017-09-14 15:57:19.109] [INFO] registro - Creando PDF: A137 de tramites o aclaraciones
[2017-09-14 15:57:19.135] [INFO] registro - Terminando de crear PDF: A137 de Trámites aclaraciones
[2017-09-14 15:57:19.276] [INFO] registro - Imprimiendo numero: A137
[2017-09-14 15:57:19.276] [INFO] registro - exec error: Error: Command failed: acrowrap.exe /acceptlicense /t "C:\imprimir\node.pdf" "BIXOLON"
/bin/sh: acrowrap.exe: command not found

[2017-09-14 15:58:18.154] [INFO] registro - Creando PDF: A138 de tramites o aclaraciones
[2017-09-14 15:58:18.195] [INFO] registro - Terminando de crear PDF: A138 de Trámites aclaraciones
[2017-09-14 15:58:18.359] [INFO] registro - Imprimiendo numero: A138
[2017-09-14 15:58:18.361] [INFO] registro - exec error: Error: Command failed: acrowrap.exe /acceptlicense /t "C:\imprimir\node.pdf" "BIXOLON"
/bin/sh: acrowrap.exe: command not found

[2017-09-14 15:59:28.879] [INFO] registro - Creando PDF: A139 de tramites o aclaraciones
[2017-09-14 15:59:28.905] [INFO] registro - Terminando de crear PDF: A139 de Trámites aclaraciones
[2017-09-14 15:59:29.038] [INFO] registro - Imprimiendo numero: A139
[2017-09-14 15:59:29.038] [INFO] registro - exec error: Error: Command failed: acrowrap.exe /acceptlicense /t "C:\imprimir\node.pdf" "BIXOLON"
/bin/sh: acrowrap.exe: command not found

[2017-09-14 16:00:59.429] [INFO] registro - Creando PDF: A140 de tramites o aclaraciones
[2017-09-14 16:00:59.453] [INFO] registro - Terminando de crear PDF: A140 de Trámites aclaraciones
[2017-09-14 16:00:59.580] [INFO] registro - Imprimiendo numero: A140
[2017-09-14 16:00:59.580] [INFO] registro - exec error: Error: Command failed: acrowrap.exe /acceptlicense /t "C:\imprimir\node.pdf" "BIXOLON"
/bin/sh: acrowrap.exe: command not found

[2017-09-14 16:02:08.579] [INFO] registro - Creando PDF: A141 de tramites o aclaraciones
[2017-09-14 16:02:08.609] [INFO] registro - Terminando de crear PDF: A141 de Trámites aclaraciones
[2017-09-14 16:02:08.780] [INFO] registro - Imprimiendo numero: A141
[2017-09-14 16:02:08.782] [INFO] registro - exec error: Error: Command failed: acrowrap.exe /acceptlicense /t "C:\imprimir\node.pdf" "BIXOLON"
/bin/sh: acrowrap.exe: command not found

[2017-09-14 16:02:39.170] [INFO] registro - Creando PDF: A142 de tramites o aclaraciones
[2017-09-14 16:02:39.237] [INFO] registro - Terminando de crear PDF: A142 de Trámites aclaraciones
[2017-09-14 16:02:39.587] [INFO] registro - Imprimiendo numero: A142
[2017-09-14 16:02:39.587] [INFO] registro - exec error: Error: Command failed: acrowrap.exe /acceptlicense /t "C:\imprimir\node.pdf" "BIXOLON"
/bin/sh: acrowrap.exe: command not found

[2017-09-14 16:03:30.770] [INFO] registro - Creando PDF: A143 de tramites o aclaraciones
[2017-09-14 16:03:30.795] [INFO] registro - Terminando de crear PDF: A143 de Trámites aclaraciones
[2017-09-14 16:03:30.930] [INFO] registro - Imprimiendo numero: A143
[2017-09-14 16:03:30.930] [INFO] registro - exec error: Error: Command failed: acrowrap.exe /acceptlicense /t "C:\imprimir\node.pdf" "BIXOLON"
/bin/sh: acrowrap.exe: command not found

[2017-09-14 16:05:28.190] [INFO] registro - Creando PDF: A144 de tramites o aclaraciones
[2017-09-14 16:05:28.214] [INFO] registro - Terminando de crear PDF: A144 de Trámites aclaraciones
[2017-09-14 16:05:28.347] [INFO] registro - Imprimiendo numero: A144
[2017-09-14 16:05:28.347] [INFO] registro - exec error: Error: Command failed: acrowrap.exe /acceptlicense /t "C:\imprimir\node.pdf" "BIXOLON"
/bin/sh: acrowrap.exe: command not found

[2017-09-14 16:08:27.403] [INFO] registro - Creando PDF: A145 de tramites o aclaraciones
[2017-09-14 16:08:27.428] [INFO] registro - Terminando de crear PDF: A145 de Trámites aclaraciones
[2017-09-14 16:08:27.557] [INFO] registro - Imprimiendo numero: A145
[2017-09-14 16:08:27.557] [INFO] registro - exec error: Error: Command failed: acrowrap.exe /acceptlicense /t "C:\imprimir\node.pdf" "BIXOLON"
/bin/sh: acrowrap.exe: command not found

[2017-09-14 16:08:57.512] [INFO] registro - Creando PDF: A146 de tramites o aclaraciones
[2017-09-14 16:08:57.548] [INFO] registro - Terminando de crear PDF: A146 de Trámites aclaraciones
[2017-09-14 16:08:57.899] [INFO] registro - Imprimiendo numero: A146
[2017-09-14 16:08:57.899] [INFO] registro - exec error: Error: Command failed: acrowrap.exe /acceptlicense /t "C:\imprimir\node.pdf" "BIXOLON"
/bin/sh: acrowrap.exe: command not found

[2017-09-14 16:09:20.935] [INFO] registro - Creando PDF: A147 de tramites o aclaraciones
[2017-09-14 16:09:20.960] [INFO] registro - Terminando de crear PDF: A147 de Trámites aclaraciones
[2017-09-14 16:09:21.102] [INFO] registro - Imprimiendo numero: A147
[2017-09-14 16:09:21.103] [INFO] registro - exec error: Error: Command failed: acrowrap.exe /acceptlicense /t "C:\imprimir\node.pdf" "BIXOLON"
/bin/sh: acrowrap.exe: command not found

[2017-09-14 16:10:25.797] [INFO] registro - Creando PDF: A148 de tramites o aclaraciones
[2017-09-14 16:10:25.823] [INFO] registro - Terminando de crear PDF: A148 de Trámites aclaraciones
[2017-09-14 16:10:25.962] [INFO] registro - Imprimiendo numero: A148
[2017-09-14 16:10:25.962] [INFO] registro - exec error: Error: Command failed: acrowrap.exe /acceptlicense /t "C:\imprimir\node.pdf" "BIXOLON"
/bin/sh: acrowrap.exe: command not found

[2017-09-14 16:10:58.685] [INFO] registro - Creando PDF: A149 de tramites o aclaraciones
[2017-09-14 16:10:58.708] [INFO] registro - Terminando de crear PDF: A149 de Trámites aclaraciones
[2017-09-14 16:10:58.835] [INFO] registro - Imprimiendo numero: A149
[2017-09-14 16:10:58.835] [INFO] registro - exec error: Error: Command failed: acrowrap.exe /acceptlicense /t "C:\imprimir\node.pdf" "BIXOLON"
/bin/sh: acrowrap.exe: command not found

[2017-09-14 16:12:23.459] [INFO] registro - Creando PDF: A150 de tramites o aclaraciones
[2017-09-14 16:12:23.482] [INFO] registro - Terminando de crear PDF: A150 de Trámites aclaraciones
[2017-09-14 16:12:23.619] [INFO] registro - Imprimiendo numero: A150
[2017-09-14 16:12:23.619] [INFO] registro - exec error: Error: Command failed: acrowrap.exe /acceptlicense /t "C:\imprimir\node.pdf" "BIXOLON"
/bin/sh: acrowrap.exe: command not found

[2017-09-14 16:16:44.872] [INFO] registro - Creando PDF: A151 de tramites o aclaraciones
[2017-09-14 16:16:44.896] [INFO] registro - Terminando de crear PDF: A151 de Trámites aclaraciones
[2017-09-14 16:16:45.032] [INFO] registro - Imprimiendo numero: A151
[2017-09-14 16:16:45.032] [INFO] registro - exec error: Error: Command failed: acrowrap.exe /acceptlicense /t "C:\imprimir\node.pdf" "BIXOLON"
/bin/sh: acrowrap.exe: command not found

[2017-09-14 17:21:03.696] [INFO] registro - Creando PDF: A152 de tramites o aclaraciones
[2017-09-14 17:21:03.725] [INFO] registro - Terminando de crear PDF: A152 de Trámites aclaraciones
[2017-09-14 17:21:03.863] [INFO] registro - Imprimiendo numero: A152
[2017-09-14 17:21:03.863] [INFO] registro - exec error: Error: Command failed: acrowrap.exe /acceptlicense /t "C:\imprimir\node.pdf" "BIXOLON"
/bin/sh: acrowrap.exe: command not found

[2017-09-15 12:26:23.854] [INFO] registro - Creando PDF: A153 de tramites o aclaraciones
[2017-09-15 12:26:23.904] [INFO] registro - Terminando de crear PDF: A153 de Trámites aclaraciones
[2017-09-15 12:26:23.988] [INFO] registro - Imprimiendo numero: A153
[2017-09-15 12:26:23.988] [INFO] registro - exec error: Error: Command failed: acrowrap.exe /acceptlicense /t "C:\imprimir\node.pdf" "BIXOLON"
/bin/sh: acrowrap.exe: command not found

[2017-09-15 12:29:23.075] [INFO] registro - Creando PDF: A154 de tramites o aclaraciones
[2017-09-15 12:29:23.110] [INFO] registro - Terminando de crear PDF: A154 de Trámites aclaraciones
[2017-09-15 12:29:23.194] [INFO] registro - Imprimiendo numero: A154
[2017-09-15 12:29:23.195] [INFO] registro - exec error: Error: Command failed: acrowrap.exe /acceptlicense /t "C:\imprimir\node.pdf" "BIXOLON"
/bin/sh: acrowrap.exe: command not found

[2017-09-15 12:29:52.043] [INFO] registro - Creando PDF: A155 de tramites o aclaraciones
[2017-09-15 12:29:52.067] [INFO] registro - Terminando de crear PDF: A155 de Trámites aclaraciones
[2017-09-15 12:29:52.158] [INFO] registro - Imprimiendo numero: A155
[2017-09-15 12:29:52.158] [INFO] registro - exec error: Error: Command failed: acrowrap.exe /acceptlicense /t "C:\imprimir\node.pdf" "BIXOLON"
/bin/sh: acrowrap.exe: command not found

[2017-09-15 12:30:26.289] [INFO] registro - Creando PDF: A156 de tramites o aclaraciones
[2017-09-15 12:30:26.321] [INFO] registro - Terminando de crear PDF: A156 de Trámites aclaraciones
[2017-09-15 12:30:26.406] [INFO] registro - Imprimiendo numero: A156
[2017-09-15 12:30:26.406] [INFO] registro - exec error: Error: Command failed: acrowrap.exe /acceptlicense /t "C:\imprimir\node.pdf" "BIXOLON"
/bin/sh: acrowrap.exe: command not found

[2017-09-15 12:31:42.383] [INFO] registro - Creando PDF: A157 de tramites o aclaraciones
[2017-09-15 12:31:42.414] [INFO] registro - Terminando de crear PDF: A157 de Trámites aclaraciones
[2017-09-15 12:31:42.499] [INFO] registro - Imprimiendo numero: A157
[2017-09-15 12:31:42.499] [INFO] registro - exec error: Error: Command failed: acrowrap.exe /acceptlicense /t "C:\imprimir\node.pdf" "BIXOLON"
/bin/sh: acrowrap.exe: command not found

[2017-09-15 12:32:25.309] [INFO] registro - Creando PDF: A158 de tramites o aclaraciones
[2017-09-15 12:32:25.329] [INFO] registro - Terminando de crear PDF: A158 de Trámites aclaraciones
[2017-09-15 12:32:25.430] [INFO] registro - Imprimiendo numero: A158
[2017-09-15 12:32:25.430] [INFO] registro - exec error: Error: Command failed: acrowrap.exe /acceptlicense /t "C:\imprimir\node.pdf" "BIXOLON"
/bin/sh: acrowrap.exe: command not found

[2017-09-15 12:35:42.582] [INFO] registro - Creando PDF: A159 de tramites o aclaraciones
[2017-09-15 12:35:42.616] [INFO] registro - Terminando de crear PDF: A159 de Trámites aclaraciones
[2017-09-15 12:35:42.700] [INFO] registro - Imprimiendo numero: A159
[2017-09-15 12:35:42.700] [INFO] registro - exec error: Error: Command failed: acrowrap.exe /acceptlicense /t "C:\imprimir\node.pdf" "BIXOLON"
/bin/sh: acrowrap.exe: command not found

[2017-09-15 12:41:14.985] [INFO] registro - Creando PDF: A160 de tramites o aclaraciones
[2017-09-15 12:41:15.006] [INFO] registro - Terminando de crear PDF: A160 de Trámites aclaraciones
[2017-09-15 12:41:15.121] [INFO] registro - Imprimiendo numero: A160
[2017-09-15 12:41:15.122] [INFO] registro - exec error: Error: Command failed: acrowrap.exe /acceptlicense /t "C:\imprimir\node.pdf" "BIXOLON"
/bin/sh: acrowrap.exe: command not found

[2017-10-09 14:57:22.756] [INFO] registro - Creando PDF: A6 de tramites o aclaraciones
[2017-10-09 14:57:22.807] [INFO] registro - Terminando de crear PDF: A6 de Trámites aclaraciones
[2017-10-09 14:57:22.824] [INFO] registro - Imprimiendo numero: A6
[2017-10-09 14:57:22.825] [INFO] registro - exec error: Error: Command failed: acrowrap.exe /acceptlicense /t "C:\imprimir\node.pdf" "BIXOLON"
/bin/sh: acrowrap.exe: command not found

[2017-10-12 09:45:08.348] [INFO] registro - Creando PDF: P286 de pago o carta de no adeudo
[2017-10-12 09:45:08.398] [INFO] registro - Terminando de crear PDF: P286 de pagos o carta de no adeudo
[2017-10-12 09:45:08.420] [INFO] registro - Imprimiendo numero: P286
[2017-10-12 09:45:08.421] [INFO] registro - exec error: Error: Command failed: acrowrap.exe /acceptlicense /t "C:\imprimir\node.pdf" "BIXOLON"
/bin/sh: acrowrap.exe: command not found

[2017-10-12 09:45:33.071] [INFO] registro - Creando PDF: P287 de pago o carta de no adeudo
[2017-10-12 09:45:33.111] [INFO] registro - Terminando de crear PDF: P287 de pagos o carta de no adeudo
[2017-10-12 09:46:42.221] [INFO] registro - Creando PDF: P287 de pago o carta de no adeudo
[2017-10-12 09:46:42.251] [INFO] registro - Terminando de crear PDF: P287 de pagos o carta de no adeudo
[2017-10-12 09:47:38.595] [INFO] registro - Creando PDF: P287 de pago o carta de no adeudo
[2017-10-12 09:47:38.613] [INFO] registro - Terminando de crear PDF: P287 de pagos o carta de no adeudo
[2017-10-12 09:47:38.655] [INFO] registro - Imprimiendo numero: P287
[2017-10-12 09:47:38.655] [INFO] registro - exec error: Error: Command failed: acrowrap.exe /acceptlicense /t "C:\imprimir\node.pdf" "BIXOLON"
/bin/sh: acrowrap.exe: command not found

[2017-10-12 09:56:03.477] [INFO] registro - Creando PDF: P288 de pago o carta de no adeudo
[2017-10-12 09:56:03.506] [INFO] registro - Terminando de crear PDF: P288 de pagos o carta de no adeudo
[2017-10-12 09:56:03.554] [INFO] registro - Imprimiendo numero: P288
[2017-10-12 09:56:03.554] [INFO] registro - exec error: Error: Command failed: acrowrap.exe /acceptlicense /t "C:\imprimir\node.pdf" "BIXOLON"
/bin/sh: acrowrap.exe: command not found

[2017-10-12 10:46:11.815] [INFO] registro - Creando PDF: P289 de pago o carta de no adeudo
[2017-10-12 10:46:11.835] [INFO] registro - Terminando de crear PDF: P289 de pagos o carta de no adeudo
[2017-10-12 10:46:11.871] [INFO] registro - Imprimiendo numero: P289
[2017-10-12 10:46:11.871] [INFO] registro - exec error: Error: Command failed: acrowrap.exe /acceptlicense /t "C:\imprimir\node.pdf" "BIXOLON"
/bin/sh: acrowrap.exe: command not found

[2017-10-12 10:47:17.769] [INFO] registro - Creando PDF: P290 de pago o carta de no adeudo
[2017-10-12 10:47:17.787] [INFO] registro - Terminando de crear PDF: P290 de pagos o carta de no adeudo
[2017-10-12 10:47:17.830] [INFO] registro - Imprimiendo numero: P290
[2017-10-12 10:47:17.830] [INFO] registro - exec error: Error: Command failed: acrowrap.exe /acceptlicense /t "C:\imprimir\node.pdf" "BIXOLON"
/bin/sh: acrowrap.exe: command not found

[2017-10-12 10:47:34.422] [INFO] registro - Creando PDF: P1 de pago o carta de no adeudo
[2017-10-12 10:47:34.453] [INFO] registro - Terminando de crear PDF: P1 de pagos o carta de no adeudo
[2017-10-12 10:47:34.490] [INFO] registro - Imprimiendo numero: P1
[2017-10-12 10:47:34.491] [INFO] registro - exec error: Error: Command failed: acrowrap.exe /acceptlicense /t "C:\imprimir\node.pdf" "BIXOLON"
/bin/sh: acrowrap.exe: command not found

[2017-10-12 10:48:09.403] [INFO] registro - Creando PDF: A1 de tramites o aclaraciones
[2017-10-12 10:48:09.437] [INFO] registro - Terminando de crear PDF: A1 de Trámites aclaraciones
[2017-10-12 10:48:09.480] [INFO] registro - Imprimiendo numero: A1
[2017-10-12 10:48:09.481] [INFO] registro - exec error: Error: Command failed: acrowrap.exe /acceptlicense /t "C:\imprimir\node.pdf" "BIXOLON"
/bin/sh: acrowrap.exe: command not found

[2017-10-19 11:02:35.989] [INFO] registro - Creando PDF: P1 de pago o carta de no adeudo
[2017-10-19 11:02:36.047] [INFO] registro - Terminando de crear PDF: P1 de pagos o carta de no adeudo
[2017-10-19 11:02:36.067] [INFO] registro - Imprimiendo numero: P1
[2017-10-19 11:02:36.067] [INFO] registro - exec error: Error: Command failed: acrowrap.exe /acceptlicense /t "C:\imprimir\node.pdf" "BIXOLON"
/bin/sh: acrowrap.exe: command not found

[2017-10-19 11:03:07.028] [INFO] registro - Creando PDF: P1 de pago o carta de no adeudo
[2017-10-19 11:03:07.066] [INFO] registro - Terminando de crear PDF: P1 de pagos o carta de no adeudo
[2017-10-19 11:03:07.114] [INFO] registro - Imprimiendo numero: P1
[2017-10-19 11:03:07.114] [INFO] registro - exec error: Error: Command failed: acrowrap.exe /acceptlicense /t "C:\imprimir\node.pdf" "BIXOLON"
/bin/sh: acrowrap.exe: command not found

[2017-10-19 11:03:14.098] [INFO] registro - Creando PDF: A1 de tramites o aclaraciones
[2017-10-19 11:03:14.132] [INFO] registro - Terminando de crear PDF: A1 de Trámites aclaraciones
[2017-10-19 11:03:14.173] [INFO] registro - Imprimiendo numero: A1
[2017-10-19 11:03:14.173] [INFO] registro - exec error: Error: Command failed: acrowrap.exe /acceptlicense /t "C:\imprimir\node.pdf" "BIXOLON"
/bin/sh: acrowrap.exe: command not found

[2017-10-19 11:03:23.875] [INFO] registro - Creando PDF: P2 de pago o carta de no adeudo
[2017-10-19 11:03:23.902] [INFO] registro - Terminando de crear PDF: P2 de pagos o carta de no adeudo
[2017-10-19 11:03:23.949] [INFO] registro - Imprimiendo numero: P2
[2017-10-19 11:03:23.950] [INFO] registro - exec error: Error: Command failed: acrowrap.exe /acceptlicense /t "C:\imprimir\node.pdf" "BIXOLON"
/bin/sh: acrowrap.exe: command not found

[2017-10-19 11:03:30.882] [INFO] registro - Creando PDF: A2 de tramites o aclaraciones
[2017-10-19 11:03:30.902] [INFO] registro - Terminando de crear PDF: A2 de Trámites aclaraciones
[2017-10-19 11:03:30.936] [INFO] registro - Imprimiendo numero: A2
[2017-10-19 11:03:30.936] [INFO] registro - exec error: Error: Command failed: acrowrap.exe /acceptlicense /t "C:\imprimir\node.pdf" "BIXOLON"
/bin/sh: acrowrap.exe: command not found

[2017-10-19 11:19:20.790] [INFO] registro - Creando PDF: P3 de pago o carta de no adeudo
[2017-10-19 11:19:20.812] [INFO] registro - Terminando de crear PDF: P3 de pagos o carta de no adeudo
[2017-10-19 11:19:20.854] [INFO] registro - Imprimiendo numero: P3
[2017-10-19 11:19:20.854] [INFO] registro - exec error: Error: Command failed: acrowrap.exe /acceptlicense /t "C:\imprimir\node.pdf" "BIXOLON"
/bin/sh: acrowrap.exe: command not found

